SF:lib/app/modules/auth/domain/types/params.dart
DA:5,1
LF:1
LH:1
end_of_record
SF:lib/app/modules/auth/domain/usecases/log_user_usecase.dart
DA:13,1
DA:15,1
DA:17,2
DA:18,2
DA:21,2
DA:22,2
DA:25,3
DA:26,2
DA:29,2
DA:34,1
DA:36,1
DA:37,2
DA:40,2
LF:13
LH:13
end_of_record
SF:lib/app/app_widget.dart
DA:4,1
DA:7,1
DA:9,1
DA:11,1
DA:29,1
DA:42,1
DA:43,1
DA:49,1
DA:50,2
DA:56,2
DA:60,1
DA:68,1
DA:69,1
DA:72,3
DA:74,1
DA:77,1
DA:93,1
DA:97,1
DA:98,2
DA:99,3
DA:104,1
DA:105,1
LF:22
LH:22
end_of_record
