SF:lib/app/modules/tickets/domain/entity/itil_category_entity.dart
DA:5,2
LF:1
LH:1
end_of_record
SF:lib/app/modules/tickets/domain/entity/ticket_entity.dart
DA:12,2
LF:1
LH:1
end_of_record
SF:lib/app/modules/tickets/domain/repositories/tickets_erros.dart
DA:7,2
DA:17,2
DA:27,2
DA:37,2
LF:4
LH:4
end_of_record
SF:lib/app/modules/tickets/infra/repositories/ticket_repository_impl.dart
DA:13,1
DA:15,1
DA:18,2
DA:19,1
DA:21,3
DA:25,1
DA:28,2
DA:29,1
DA:31,3
DA:35,1
DA:38,2
DA:39,1
DA:41,3
DA:45,1
DA:48,2
DA:50,1
DA:52,3
LF:17
LH:17
end_of_record
SF:lib/app/modules/tickets/domain/usecase/ticket_usecase.dart
DA:18,1
DA:19,1
DA:21,2
DA:25,1
DA:27,2
DA:32,1
DA:34,2
DA:38,1
DA:40,2
LF:9
LH:9
end_of_record
